<?xml version="1.0" encoding="UTF-8"?>
<!-- Generated by org.testng.reporters.JUnitReportReporter -->
<testsuite hostname="DESKTOP-7S7LCUO" failures="0" tests="1" name="marriageVerse.addProfile2" time="139.342" errors="0" timestamp="2024-12-16T16:17:00 IST" skipped="0">
  <testcase classname="marriageVerse.addProfile2" name="enterMaleAndFemalePro" time="139.342"/>
</testsuite> <!-- marriageVerse.addProfile2 -->
