<?xml version="1.0" encoding="UTF-8"?>
<!-- Generated by org.testng.reporters.JUnitReportReporter -->
<testsuite hostname="DESKTOP-7S7LCUO" failures="0" tests="1" name="marriageVerse.addProfiles" time="81.886" errors="0" timestamp="2024-12-15T18:48:53 IST" skipped="0">
  <testcase classname="marriageVerse.addProfiles" name="addProfiles" time="81.886"/>
</testsuite> <!-- marriageVerse.addProfiles -->
